
Tue Dec 24 11:50:05 EET 2024: CPU usage: 0%
Tue Dec 24 11:50:52 EET 2024: GPU Type: NVIDIA GeForce RTX 3050 Laptop GPU
GPU utilization:  0%
GPU temperature:  35°C
Tue Dec 24 11:51:27 EET 2024: Total Memory: 7 GB
Used Memory: 0 GB
Memory usage: 0 / 7 * 100 = 11.65%
Tue Dec 24 11:51:48 EET 2024: System Load Metrics:
 1-minute Load Average: 0.22
 5-minute Load Average: 0.09
 15-minute Load Average: 0.02
 Number of CPU Cores: 20
 Total Active Processes: 37
Tue Dec 24 11:52:16 EET 2024: CPU usage: 0%
Tue Dec 24 12:01:21 EET 2024: 
Tue Dec 24 12:01:59 EET 2024: 
Tue Dec 24 18:08:31 EET 2024: GPU Type: NVIDIA GeForce RTX 3050 Laptop GPU
GPU utilization:  0%
GPU temperature:  32°C
Tue Dec 24 18:15:01 EET 2024: GPU Type: NVIDIA GeForce RTX 3050 Laptop GPU
GPU utilization:  0%
GPU temperature:  35°C
